<?xml version="1.0" encoding="UTF-8"?>
<testng-results ignored="0" total="1" passed="1" failed="0" skipped="0">
  <reporter-output>
  </reporter-output>
  <suite started-at="2023-02-01T00:37:40 IST" name="Default suite" finished-at="2023-02-01T00:37:46 IST" duration-ms="5463">
    <groups>
    </groups>
    <test started-at="2023-02-01T00:37:40 IST" name="Default test" finished-at="2023-02-01T00:37:46 IST" duration-ms="5463">
      <class name="driventest3.CreateCustomer">
        <test-method signature="testCreateCustomer()[pri:0, instance:driventest3.CreateCustomer@3c130745]" started-at="2023-02-01T00:37:40 IST" name="testCreateCustomer" finished-at="2023-02-01T00:37:46 IST" duration-ms="5427" status="PASS">
          <reporter-output>
          </reporter-output>
        </test-method> <!-- testCreateCustomer -->
      </class> <!-- driventest3.CreateCustomer -->
    </test> <!-- Default test -->
  </suite> <!-- Default suite -->
</testng-results>
