<?xml version="1.0" encoding="UTF-8"?>
<testng-results ignored="0" total="1" passed="1" failed="0" skipped="0">
  <reporter-output>
  </reporter-output>
  <suite started-at="2022-12-10T17:41:03 IST" name="Default suite" finished-at="2022-12-10T17:41:03 IST" duration-ms="49">
    <groups>
    </groups>
    <test started-at="2022-12-10T17:41:03 IST" name="Default test" finished-at="2022-12-10T17:41:03 IST" duration-ms="49">
      <class name="holiday.Sample">
        <test-method signature="sample1()[pri:0, instance:holiday.Sample@3cc2931c]" started-at="2022-12-10T17:41:03 IST" name="sample1" finished-at="2022-12-10T17:41:03 IST" duration-ms="8" status="PASS">
          <reporter-output>
          </reporter-output>
        </test-method> <!-- sample1 -->
      </class> <!-- holiday.Sample -->
    </test> <!-- Default test -->
  </suite> <!-- Default suite -->
</testng-results>
