<?xml version="1.0" encoding="UTF-8"?>
<testng-results ignored="0" total="1" passed="1" failed="0" skipped="0">
  <reporter-output>
  </reporter-output>
  <suite started-at="2023-03-13T16:07:17 IST" name="Default suite" finished-at="2023-03-13T16:07:36 IST" duration-ms="18450">
    <groups>
    </groups>
    <test started-at="2023-03-13T16:07:17 IST" name="Default test" finished-at="2023-03-13T16:07:36 IST" duration-ms="18450">
      <class name="seleniumDemos.FlipKart2">
        <test-method signature="openFlipkart()[pri:0, instance:seleniumDemos.FlipKart2@3daa422a]" started-at="2023-03-13T16:07:17 IST" name="openFlipkart" finished-at="2023-03-13T16:07:36 IST" duration-ms="18397" status="PASS">
          <reporter-output>
          </reporter-output>
        </test-method> <!-- openFlipkart -->
      </class> <!-- seleniumDemos.FlipKart2 -->
    </test> <!-- Default test -->
  </suite> <!-- Default suite -->
</testng-results>
